****************************************
Report : clock
Design : full_chip_KMeansClustering
Mode   : default
Version: R-2020.09-SP6
Date   : Mon Jan  6 14:26:21 2025
****************************************


Attributes:
    p - Propagated clock
    G - Generated  clock
    U - Unexpanded generated clock

Clock          Period   Waveform            Attrs     Sources
--------------------------------------------------------------------------------
CLK              1.25   {0 0.625}           p         {clk}

****************************************
Report : clock_skew
Design : full_chip_KMeansClustering
Mode   : default
Version: R-2020.09-SP6
Date   : Mon Jan  6 14:26:21 2025
****************************************

1
