****************************************
Report : timing
        -path_type full
        -delay_type max
        -max_paths 1
        -report_by design
Design : full_chip_KMeansClustering
Version: R-2020.09-SP6
Date   : Sun Dec 29 00:57:20 2024
****************************************
Information: Timer using 'CRPR'. (TIM-050)

  Startpoint: data_in4[4] (input port clocked by CLK)
  Endpoint: cluster_addr[0] (output port clocked by CLK)
  Mode: default
  Corner: default
  Scenario: default
  Path Group: comb
  Path Type: max

  Point                                            Incr      Path  
  ------------------------------------------------------------------------
  clock CLK (rise edge)                            0.00      0.00
  clock network delay (ideal)                      0.20      0.20
  input external delay                             0.02      0.22 f
  data_in4[4] (in)                                 0.00      0.22 f
  KMeansClustering_inst/ZBUF_53_inst_3784/Z (CKBD1BWP16P90)
                                                   0.04      0.26 f
  KMeansClustering_inst/U23305/ZN (NR2D1BWP20P90)
                                                   0.02      0.28 r
  KMeansClustering_inst/U23169/ZN (NR2D1BWP20P90)
                                                   0.01      0.29 f
  KMeansClustering_inst/U22989/ZN (ND2D1BWP20P90)
                                                   0.01      0.30 r
  KMeansClustering_inst/U14285/ZN (OAI21D1BWP16P90)
                                                   0.02      0.32 f
  KMeansClustering_inst/U27502/ZN (AOI21D2BWP16P90LVT)
                                                   0.01      0.33 r
  KMeansClustering_inst/U25146/ZN (OAI21D1BWP16P90LVT)
                                                   0.01      0.34 f
  KMeansClustering_inst/U25148/CO (FA1D1BWP16P90LVT)
                                                   0.02      0.36 f
  KMeansClustering_inst/U25156/CO (FA1D1BWP16P90LVT)
                                                   0.02      0.39 f
  KMeansClustering_inst/U27505/Z (XOR2D2BWP16P90LVT)
                                                   0.03      0.42 r
  KMeansClustering_inst/U25158/Z (MUX2D1BWP16P90)
                                                   0.04      0.46 f
  KMeansClustering_inst/RBINV_3194/ZN (INVD1BWP16P90)
                                                   0.03      0.50 r
  KMeansClustering_inst/U25164/ZN (NR2D2BWP16P90LVT)
                                                   0.01      0.51 f
  KMeansClustering_inst/U14080/ZN (CKND2D1BWP16P90LVT)
                                                   0.02      0.52 r
  KMeansClustering_inst/U25238/ZN (ND2D1BWP20P90)
                                                   0.02      0.55 f
  KMeansClustering_inst/U13394/Z (XOR2D1BWP16P90)
                                                   0.03      0.58 r
  KMeansClustering_inst/U13329/ZN (MAOI222D1BWP16P90LVT)
                                                   0.02      0.60 f
  KMeansClustering_inst/U13305/ZN (MAOI222D1BWP16P90)
                                                   0.02      0.62 r
  KMeansClustering_inst/U13185/ZN (IOAI21D1BWP16P90)
                                                   0.02      0.64 r
  KMeansClustering_inst/RBINV_3321/ZN (INVD1BWP16P90)
                                                   0.01      0.65 f
  KMeansClustering_inst/U13050/ZN (OAI31D1BWP16P90LVT)
                                                   0.02      0.67 r
  KMeansClustering_inst/U17411/ZN (OAI21D1BWP16P90)
                                                   0.02      0.69 f
  KMeansClustering_inst/U19158/ZN (ND2D1BWP20P90)
                                                   0.01      0.70 r
  KMeansClustering_inst/U12973/ZN (XNR2D1BWP16P90)
                                                   0.03      0.73 f
  KMeansClustering_inst/U13734/Z (XOR2D1BWP16P90)
                                                   0.02      0.75 r
  KMeansClustering_inst/U16437/ZN (MAOI222D1BWP16P90LVT)
                                                   0.02      0.76 f
  KMeansClustering_inst/U12880/ZN (OAI21D1BWP16P90)
                                                   0.02      0.78 r
  KMeansClustering_inst/U16205/Z (XOR3D1BWP16P90)
                                                   0.04      0.82 f
  KMeansClustering_inst/U12240/Z (XOR2D1BWP16P90)
                                                   0.02      0.84 r
  KMeansClustering_inst/U15805/ZN (ND2D1BWP20P90)
                                                   0.01      0.85 f
  KMeansClustering_inst/U12616/ZN (OAI211D1BWP16P90)
                                                   0.01      0.86 r
  KMeansClustering_inst/U25289/ZN (OAI21D1BWP16P90)
                                                   0.02      0.88 f
  KMeansClustering_inst/U12152/ZN (NR2D1BWP20P90)
                                                   0.02      0.90 r
  KMeansClustering_inst/U15181/ZN (AOI211D1BWP16P90)
                                                   0.01      0.91 f
  KMeansClustering_inst/U12264/ZN (AOI21D1BWP16P90LVT)
                                                   0.01      0.92 r
  KMeansClustering_inst/U25315/Z (XOR3D1BWP16P90)
                                                   0.03      0.96 f
  KMeansClustering_inst/U14907/Z (OR2D1BWP16P90)   0.02      0.97 f
  KMeansClustering_inst/U14826/ZN (ND2D1BWP20P90)
                                                   0.01      0.98 r
  KMeansClustering_inst/U11188/ZN (XNR2D1BWP16P90)
                                                   0.03      1.01 f
  KMeansClustering_inst/U14633/ZN (ND2D1BWP16P90)
                                                   0.02      1.03 r
  KMeansClustering_inst/RBINV_868/ZN (INVD1BWP16P90)
                                                   0.01      1.04 f
  KMeansClustering_inst/U25345/Z (AO21D1BWP16P90)
                                                   0.02      1.06 f
  KMeansClustering_inst/U25347/ZN (AOI21D1BWP16P90)
                                                   0.02      1.08 r
  KMeansClustering_inst/U25348/ZN (OAI21D1BWP16P90LVT)
                                                   0.01      1.09 f
  KMeansClustering_inst/U25349/ZN (AOI21D1BWP16P90)
                                                   0.02      1.10 r
  KMeansClustering_inst/U25351/ZN (OAI21D1BWP16P90LVT)
                                                   0.01      1.11 f
  KMeansClustering_inst/U11490/ZN (AOI21D1BWP16P90LVT)
                                                   0.01      1.12 r
  KMeansClustering_inst/U11172/ZN (OAI21D1BWP16P90LVT)
                                                   0.01      1.13 f
  KMeansClustering_inst/U25426/S (FA1D1BWP16P90LVT)
                                                   0.04      1.17 r
  KMeansClustering_inst/RBINV_2905/ZN (INVD1BWP16P90LVT)
                                                   0.01      1.19 f
  KMeansClustering_inst/U14507/ZN (ND2D1BWP20P90)
                                                   0.01      1.20 r
  KMeansClustering_inst/U14501/ZN (OAI211D1BWP16P90)
                                                   0.02      1.21 f
  KMeansClustering_inst/U14497/ZN (OAI211D1BWP16P90)
                                                   0.01      1.22 r
  KMeansClustering_inst/U11956/ZN (OAI211D1BWP16P90)
                                                   0.02      1.24 f
  KMeansClustering_inst/U11953/ZN (ND2D1BWP20P90)
                                                   0.01      1.26 r
  KMeansClustering_inst/U11343/Z (AN2D1BWP16P90)   0.02      1.27 r
  KMeansClustering_inst/U11332/Z (AN2D1BWP16P90)   0.01      1.28 r
  KMeansClustering_inst/U11321/ZN (ND2D1BWP16P90)
                                                   0.01      1.29 f
  KMeansClustering_inst/U11317/ZN (INR2D2BWP16P90LVT)
                                                   0.01      1.30 f
  KMeansClustering_inst/U27537/ZN (AOI31D4BWP16P90LVT)
                                                   0.01      1.32 r
  KMeansClustering_inst/U27536/ZN (CKNR2D4BWP16P90LVT)
                                                   0.01      1.33 f
  PI_2_3610/Z (BUFFD4BWP16P90LVT)                  0.01      1.34 f
  cluster_addr[0] (out)                            0.00      1.34 f
  data arrival time                                          1.34

  clock CLK (rise edge)                            1.25      1.25
  clock network delay (ideal)                      0.20      1.45
  clock reconvergence pessimism                    0.00      1.45
  clock uncertainty                               -0.05      1.40
  output external delay                           -0.06      1.34
  data required time                                         1.34
  ------------------------------------------------------------------------
  data required time                                         1.34
  data arrival time                                         -1.34
  ------------------------------------------------------------------------
  slack (MET)                                                0.00


1
