****************************************
Report : timing
        -path_type full
        -delay_type max
        -max_paths 1
        -report_by design
        -groups comb
        -nosplit
        -input_pins
        -nets
        -transition_time
        -capacitance
Design : full_chip_KMeansClustering
Version: R-2020.09-SP6
Date   : Mon Jan  6 14:26:25 2025
****************************************
Information: Timer using 'CRPR'. (TIM-050)

  Startpoint: centroid3_3[3] (input port clocked by CLK)
  Endpoint: cluster_addr[0] (output port clocked by CLK)
  Mode: default
  Corner: default
  Scenario: default
  Path Group: comb
  Path Type: max

  Point                                                                   Fanout     Cap        Trans        Incr        Path  
  -------------------------------------------------------------------------------------------------------------------------------------
  clock CLK (rise edge)                                                                                     0.0000      0.0000
  clock network delay (propagated)                                                                          0.0975      0.0975
  input external delay                                                                                      0.0200      0.1175 r
  centroid3_3[3] (in)                                                                           0.2000      0.0000      0.1175 r
  centroid3_3[3] (net)                                                       1      0.0023
  RBINV_130/I (INVD1BWP16P90)                                                                   0.2000      0.0001      0.1177 r
  RBINV_130/ZN (INVD1BWP16P90)                                                                  0.0414      0.0373      0.1550 f
  net_aps_130 (net)                                                          2      0.0030
  KMeansClustering_inst/U14438/A1 (NR2D1BWP20P90)                                               0.0414      0.0002      0.1552 f
  KMeansClustering_inst/U14438/ZN (NR2D1BWP20P90)                                               0.0452      0.0246      0.1798 r
  KMeansClustering_inst/n15197 (net)                                         3      0.0028
  KMeansClustering_inst/U23941/A1 (OAI21D1BWP16P90)                                             0.0452      0.0001      0.1799 r
  KMeansClustering_inst/U23941/ZN (OAI21D1BWP16P90)                                             0.0178      0.0176      0.1975 f
  KMeansClustering_inst/n15127 (net)                                         1      0.0013
  KMeansClustering_inst/U11912/B (AOI21D1BWP16P90)                                              0.0178      0.0000      0.1976 f
  KMeansClustering_inst/U11912/ZN (AOI21D1BWP16P90)                                             0.0244      0.0203      0.2178 r
  KMeansClustering_inst/n15185 (net)                                         3      0.0032
  KMeansClustering_inst/U13346/A1 (OAI21D1BWP16P90)                                             0.0244      0.0001      0.2180 r
  KMeansClustering_inst/U13346/ZN (OAI21D1BWP16P90)                                             0.0171      0.0170      0.2349 f
  KMeansClustering_inst/n15152 (net)                                         2      0.0020
  KMeansClustering_inst/U13724/A1 (AOI21D1BWP16P90LVT)                                          0.0171      0.0001      0.2350 f
  KMeansClustering_inst/U13724/ZN (AOI21D1BWP16P90LVT)                                          0.0170      0.0127      0.2477 r
  KMeansClustering_inst/n15151 (net)                                         2      0.0026
  KMeansClustering_inst/U13653/A1 (OAI21D1BWP16P90)                                             0.0170      0.0001      0.2478 r
  KMeansClustering_inst/U13653/ZN (OAI21D1BWP16P90)                                             0.0197      0.0151      0.2630 f
  KMeansClustering_inst/n15226 (net)                                         1      0.0020
  KMeansClustering_inst/U23952/CI (FA1D1BWP16P90)                                               0.0197      0.0000      0.2630 f
  KMeansClustering_inst/U23952/CO (FA1D1BWP16P90)                                               0.0166      0.0293      0.2923 f
  KMeansClustering_inst/n15229 (net)                                         1      0.0018
  KMeansClustering_inst/U23953/A1 (XOR2D2BWP16P90LVT)                                           0.0166      0.0001      0.2924 f
  KMeansClustering_inst/U23953/Z (XOR2D2BWP16P90LVT)                                            0.0270      0.0288      0.3212 f
  KMeansClustering_inst/n23252 (net)                                        11      0.0143
  KMeansClustering_inst/clock_optctmTdsLR_1_14306/A1 (OAI21D2BWP16P90)                          0.0270      0.0014      0.3226 f
  KMeansClustering_inst/clock_optctmTdsLR_1_14306/ZN (OAI21D2BWP16P90)                          0.0667      0.0463      0.3689 r
  KMeansClustering_inst/n17349 (net)                                        15      0.0182
  KMeansClustering_inst/RBINV_201/I (INVD1BWP16P90)                                             0.0668      0.0015      0.3704 r
  KMeansClustering_inst/RBINV_201/ZN (INVD1BWP16P90)                                            0.0423      0.0420      0.4124 f
  KMeansClustering_inst/net_aps_201 (net)                                    6      0.0095
  KMeansClustering_inst/U14214/A2 (OAI21D1BWP16P90)                                             0.0423      0.0001      0.4125 f
  KMeansClustering_inst/U14214/ZN (OAI21D1BWP16P90)                                             0.0153      0.0165      0.4290 r
  KMeansClustering_inst/n15825 (net)                                         1      0.0009
  KMeansClustering_inst/clock_optctmTdsLR_1_10828/B (IOA21D1BWP16P90)                           0.0153      0.0000      0.4291 r
  KMeansClustering_inst/clock_optctmTdsLR_1_10828/ZN (IOA21D1BWP16P90)                          0.0199      0.0173      0.4463 f
  KMeansClustering_inst/n15947 (net)                                         2      0.0031
  KMeansClustering_inst/U24068/A (MAOI222D1BWP16P90)                                            0.0199      0.0001      0.4464 f
  KMeansClustering_inst/U24068/ZN (MAOI222D1BWP16P90)                                           0.0211      0.0187      0.4652 r
  KMeansClustering_inst/n15944 (net)                                         2      0.0024
  KMeansClustering_inst/U14107/A2 (XNR3D1BWP16P90)                                              0.0211      0.0001      0.4653 r
  KMeansClustering_inst/U14107/ZN (XNR3D1BWP16P90)                                              0.0136      0.0458      0.5110 f
  KMeansClustering_inst/n15950 (net)                                         2      0.0016
  KMeansClustering_inst/U14098/A1 (CKOR2D1BWP16P90)                                             0.0136      0.0000      0.5110 f
  KMeansClustering_inst/U14098/Z (CKOR2D1BWP16P90)                                              0.0090      0.0185      0.5296 f
  KMeansClustering_inst/n12614 (net)                                         2      0.0018
  KMeansClustering_inst/clock_optctmTdsLR_1_11152/A1 (IOA21D1BWP16P90)                          0.0090      0.0000      0.5296 f
  KMeansClustering_inst/clock_optctmTdsLR_1_11152/ZN (IOA21D1BWP16P90)                          0.0128      0.0175      0.5471 f
  KMeansClustering_inst/n17338 (net)                                         2      0.0017
  KMeansClustering_inst/U11183/A1 (AOI21D1BWP16P90)                                             0.0128      0.0001      0.5471 f
  KMeansClustering_inst/U11183/ZN (AOI21D1BWP16P90)                                             0.0162      0.0143      0.5615 r
  KMeansClustering_inst/n17331 (net)                                         2      0.0019
  KMeansClustering_inst/U12987/A2 (OAI21D1BWP16P90)                                             0.0162      0.0001      0.5615 r
  KMeansClustering_inst/U12987/ZN (OAI21D1BWP16P90)                                             0.0213      0.0196      0.5811 f
  KMeansClustering_inst/n16099 (net)                                         3      0.0029
  KMeansClustering_inst/clock_optctmTdsLR_3_14728/A1 (ND2D1BWP16P90)                            0.0213      0.0001      0.5812 f
  KMeansClustering_inst/clock_optctmTdsLR_3_14728/ZN (ND2D1BWP16P90)                            0.0098      0.0091      0.5903 r
  KMeansClustering_inst/tmp_net5200 (net)                                    1      0.0009
  KMeansClustering_inst/clock_optctmTdsLR_1_14726/C (OAI211D1BWP16P90)                          0.0098      0.0000      0.5903 r
  KMeansClustering_inst/clock_optctmTdsLR_1_14726/ZN (OAI211D1BWP16P90)                         0.0165      0.0147      0.6050 f
  KMeansClustering_inst/n29108 (net)                                         1      0.0010
  KMeansClustering_inst/clock_optctmTdsLR_1_11629/B (IOA21D1BWP16P90)                           0.0165      0.0000      0.6051 f
  KMeansClustering_inst/clock_optctmTdsLR_1_11629/ZN (IOA21D1BWP16P90)                          0.0139      0.0136      0.6187 r
  KMeansClustering_inst/n16096 (net)                                         2      0.0032
  KMeansClustering_inst/clock_optctmTdsLR_1_11697/A (MAOI222D1BWP16P90)                         0.0139      0.0002      0.6189 r
  KMeansClustering_inst/clock_optctmTdsLR_1_11697/ZN (MAOI222D1BWP16P90)                        0.0235      0.0214      0.6404 f
  KMeansClustering_inst/n16092 (net)                                         2      0.0024
  KMeansClustering_inst/RBINV_3309/I (INVD1BWP16P90)                                            0.0235      0.0001      0.6405 f
  KMeansClustering_inst/RBINV_3309/ZN (INVD1BWP16P90)                                           0.0085      0.0086      0.6491 r
  KMeansClustering_inst/net_aps_3309 (net)                                   1      0.0008
  KMeansClustering_inst/U24102/B2 (AOI22D1BWP16P90)                                             0.0085      0.0000      0.6491 r
  KMeansClustering_inst/U24102/ZN (AOI22D1BWP16P90)                                             0.0201      0.0152      0.6644 f
  KMeansClustering_inst/n16085 (net)                                         2      0.0019
  KMeansClustering_inst/clock_optctmTdsLR_1_14924/A1 (IOA21D1BWP16P90)                          0.0201      0.0001      0.6645 f
  KMeansClustering_inst/clock_optctmTdsLR_1_14924/ZN (IOA21D1BWP16P90)                          0.0124      0.0196      0.6841 f
  KMeansClustering_inst/n16080 (net)                                         2      0.0017
  KMeansClustering_inst/U11230/A1 (AOI21D1BWP16P90)                                             0.0124      0.0001      0.6841 f
  KMeansClustering_inst/U11230/ZN (AOI21D1BWP16P90)                                             0.0212      0.0171      0.7012 r
  KMeansClustering_inst/n16074 (net)                                         2      0.0029
  KMeansClustering_inst/U16408/A1 (OAI21D1BWP16P90)                                             0.0212      0.0001      0.7013 r
  KMeansClustering_inst/U16408/ZN (OAI21D1BWP16P90)                                             0.0166      0.0161      0.7174 f
  KMeansClustering_inst/n16132 (net)                                         2      0.0020
  KMeansClustering_inst/U24106/C (MAOI222D1BWP16P90)                                            0.0166      0.0001      0.7175 f
  KMeansClustering_inst/U24106/ZN (MAOI222D1BWP16P90)                                           0.0212      0.0173      0.7348 r
  KMeansClustering_inst/n16124 (net)                                         2      0.0024
  KMeansClustering_inst/U24107/C (MAOI222D1BWP16P90)                                            0.0212      0.0002      0.7350 r
  KMeansClustering_inst/U24107/ZN (MAOI222D1BWP16P90)                                           0.0265      0.0209      0.7559 f
  KMeansClustering_inst/n16147 (net)                                         2      0.0026
  KMeansClustering_inst/clock_optctmTdsLR_2_15109/B (AOI21D1BWP16P90)                           0.0265      0.0002      0.7561 f
  KMeansClustering_inst/clock_optctmTdsLR_2_15109/ZN (AOI21D1BWP16P90)                          0.0143      0.0142      0.7704 r
  KMeansClustering_inst/tmp_net5406 (net)                                    1      0.0010
  KMeansClustering_inst/clock_optctmTdsLR_1_15108/I (INVD1BWP16P90)                             0.0143      0.0000      0.7704 r
  KMeansClustering_inst/clock_optctmTdsLR_1_15108/ZN (INVD1BWP16P90)                            0.0101      0.0108      0.7812 f
  KMeansClustering_inst/n16066 (net)                                         2      0.0021
  KMeansClustering_inst/U11620/A1 (MAOI22D1BWP16P90)                                            0.0101      0.0001      0.7813 f
  KMeansClustering_inst/U11620/ZN (MAOI22D1BWP16P90)                                            0.0172      0.0144      0.7957 r
  KMeansClustering_inst/n16054 (net)                                         2      0.0020
  KMeansClustering_inst/U24119/A3 (XNR3D1BWP16P90)                                              0.0172      0.0001      0.7957 r
  KMeansClustering_inst/U24119/ZN (XNR3D1BWP16P90)                                              0.0159      0.0362      0.8319 f
  KMeansClustering_inst/n17413 (net)                                         2      0.0023
  KMeansClustering_inst/U13578/A1 (XOR2D1BWP16P90)                                              0.0159      0.0001      0.8319 f
  KMeansClustering_inst/U13578/Z (XOR2D1BWP16P90)                                               0.0109      0.0207      0.8527 r
  KMeansClustering_inst/n16155 (net)                                         1      0.0015
  KMeansClustering_inst/U15191/A (MAOI222D1BWP16P90LVT)                                         0.0109      0.0000      0.8527 r
  KMeansClustering_inst/U15191/ZN (MAOI222D1BWP16P90LVT)                                        0.0185      0.0158      0.8685 f
  KMeansClustering_inst/n17274 (net)                                         2      0.0025
  KMeansClustering_inst/U27384/A1 (IOA21D1BWP16P90)                                             0.0185      0.0002      0.8687 f
  KMeansClustering_inst/U27384/ZN (IOA21D1BWP16P90)                                             0.0179      0.0226      0.8913 f
  KMeansClustering_inst/n17428 (net)                                         3      0.0028
  KMeansClustering_inst/U13500/A1 (AOI21D1BWP16P90)                                             0.0179      0.0001      0.8914 f
  KMeansClustering_inst/U13500/ZN (AOI21D1BWP16P90)                                             0.0160      0.0153      0.9067 r
  KMeansClustering_inst/n17441 (net)                                         2      0.0019
  KMeansClustering_inst/U11189/A1 (OAI21D1BWP16P90)                                             0.0160      0.0001      0.9067 r
  KMeansClustering_inst/U11189/ZN (OAI21D1BWP16P90)                                             0.0187      0.0163      0.9231 f
  KMeansClustering_inst/n17445 (net)                                         1      0.0024
  KMeansClustering_inst/U24388/CI (FA1D1BWP16P90)                                               0.0187      0.0001      0.9232 f
  KMeansClustering_inst/U24388/S (FA1D1BWP16P90)                                                0.0223      0.0507      0.9739 r
  KMeansClustering_inst/n17451 (net)                                         2      0.0048
  KMeansClustering_inst/U24390/A1 (NR2D1BWP16P90)                                               0.0223      0.0004      0.9743 r
  KMeansClustering_inst/U24390/ZN (NR2D1BWP16P90)                                               0.0113      0.0124      0.9867 f
  KMeansClustering_inst/n17676 (net)                                         2      0.0019
  KMeansClustering_inst/clock_optctmTdsLR_1_13752/A1 (IND2D1BWP16P90)                           0.0113      0.0000      0.9867 f
  KMeansClustering_inst/clock_optctmTdsLR_1_13752/ZN (IND2D1BWP16P90)                           0.0123      0.0166      1.0033 f
  KMeansClustering_inst/n17680 (net)                                         1      0.0016
  KMeansClustering_inst/U14601/A1 (XNR2D1BWP16P90)                                              0.0123      0.0001      1.0034 f
  KMeansClustering_inst/U14601/ZN (XNR2D1BWP16P90)                                              0.0167      0.0215      1.0249 f
  KMeansClustering_inst/n17685 (net)                                         2      0.0029
  KMeansClustering_inst/U24420/A2 (NR2D1BWP16P90)                                               0.0167      0.0001      1.0250 f
  KMeansClustering_inst/U24420/ZN (NR2D1BWP16P90)                                               0.0171      0.0155      1.0405 r
  KMeansClustering_inst/n23284 (net)                                         2      0.0023
  KMeansClustering_inst/U24421/A1 (OAI21D1BWP16P90)                                             0.0171      0.0001      1.0406 r
  KMeansClustering_inst/U24421/ZN (OAI21D1BWP16P90)                                             0.0153      0.0144      1.0550 f
  KMeansClustering_inst/n23277 (net)                                         2      0.0017
  KMeansClustering_inst/U27574/A2 (IOAI21D1BWP16P90LVT)                                         0.0153      0.0000      1.0550 f
  KMeansClustering_inst/U27574/ZN (IOAI21D1BWP16P90LVT)                                         0.0143      0.0170      1.0720 f
  KMeansClustering_inst/n29105 (net)                                         2      0.0024
  KMeansClustering_inst/U11466/B (OAI21D1BWP16P90)                                              0.0143      0.0001      1.0721 f
  KMeansClustering_inst/U11466/ZN (OAI21D1BWP16P90)                                             0.0128      0.0087      1.0807 r
  KMeansClustering_inst/n29104 (net)                                         1      0.0011
  KMeansClustering_inst/U11444/A1 (ND2D1BWP16P90LVT)                                            0.0128      0.0000      1.0808 r
  KMeansClustering_inst/U11444/ZN (ND2D1BWP16P90LVT)                                            0.0116      0.0104      1.0911 f
  KMeansClustering_inst/n23267 (net)                                         1      0.0022
  KMeansClustering_inst/U25427/CI (FA1D1BWP16P90LVT)                                            0.0116      0.0001      1.0912 f
  KMeansClustering_inst/U25427/CO (FA1D1BWP16P90LVT)                                            0.0108      0.0213      1.1125 f
  KMeansClustering_inst/n23476 (net)                                         1      0.0020
  KMeansClustering_inst/U25438/CI (FA1D1BWP16P90)                                               0.0108      0.0000      1.1125 f
  KMeansClustering_inst/U25438/CO (FA1D1BWP16P90)                                               0.0144      0.0280      1.1405 f
  KMeansClustering_inst/n17802 (net)                                         1      0.0022
  KMeansClustering_inst/U24452/CI (FA1D1BWP16P90)                                               0.0144      0.0000      1.1405 f
  KMeansClustering_inst/U24452/CO (FA1D1BWP16P90)                                               0.0144      0.0290      1.1696 f
  KMeansClustering_inst/n23482 (net)                                         1      0.0022
  KMeansClustering_inst/U25439/CI (FA1D1BWP16P90)                                               0.0144      0.0001      1.1696 f
  KMeansClustering_inst/U25439/CO (FA1D1BWP16P90)                                               0.0150      0.0294      1.1990 f
  KMeansClustering_inst/n23258 (net)                                         1      0.0023
  KMeansClustering_inst/U13420/CI (FA1D1BWP16P90LVT)                                            0.0150      0.0001      1.1991 f
  KMeansClustering_inst/U13420/CO (FA1D1BWP16P90LVT)                                            0.0117      0.0228      1.2219 f
  KMeansClustering_inst/n23498 (net)                                         1      0.0022
  KMeansClustering_inst/U13419/CI (FA1D1BWP16P90LVT)                                            0.0117      0.0001      1.2220 f
  KMeansClustering_inst/U13419/S (FA1D1BWP16P90LVT)                                             0.0168      0.0365      1.2584 r
  KMeansClustering_inst/gt_x_27_B[30] (net)                                  3      0.0044
  KMeansClustering_inst/clock_optctmTdsLR_2_15533/A1 (NR2D1BWP16P90)                            0.0168      0.0002      1.2586 r
  KMeansClustering_inst/clock_optctmTdsLR_2_15533/ZN (NR2D1BWP16P90)                            0.0090      0.0101      1.2687 f
  KMeansClustering_inst/tmp_net5627 (net)                                    1      0.0015
  KMeansClustering_inst/clock_optctmTdsLR_1_15532/B (AOI31D1BWP16P90)                           0.0090      0.0001      1.2688 f
  KMeansClustering_inst/clock_optctmTdsLR_1_15532/ZN (AOI31D1BWP16P90)                          0.0268      0.0197      1.2885 r
  KMeansClustering_inst/n29077 (net)                                         1      0.0035
  KMeansClustering_inst/U27537/A3 (AOI31D4BWP16P90LVT)                                          0.0268      0.0002      1.2887 r
  KMeansClustering_inst/U27537/ZN (AOI31D4BWP16P90LVT)                                          0.0204      0.0167      1.3054 f
  KMeansClustering_inst/cluster_addr[1] (net)                                2      0.0082
  KMeansClustering_inst/U27536/A2 (NR2D2BWP16P90LVT)                                            0.0204      0.0007      1.3061 f
  KMeansClustering_inst/U27536/ZN (NR2D2BWP16P90LVT)                                            0.0091      0.0086      1.3147 r
  KMeansClustering_inst/cluster_addr[0] (net)                                1      0.0019
  PI_2_3610/I (BUFFD4BWP16P90LVT)                                                               0.0091      0.0001      1.3147 r
  PI_2_3610/Z (BUFFD4BWP16P90LVT)                                                               0.0060      0.0107      1.3255 r
  cluster_addr[0] (net)                                                      1      0.0061
  cluster_addr[0] (out)                                                                         0.0060      0.0007      1.3262 r
  data arrival time                                                                                                     1.3262

  clock CLK (rise edge)                                                                                     1.2500      1.2500
  clock network delay (propagated)                                                                          0.1125      1.3625
  clock reconvergence pessimism                                                                             0.0000      1.3625
  output external delay                                                                                    -0.0600      1.3025
  data required time                                                                                                    1.3025
  -------------------------------------------------------------------------------------------------------------------------------------
  data required time                                                                                                    1.3025
  data arrival time                                                                                                    -1.3262
  -------------------------------------------------------------------------------------------------------------------------------------
  slack (VIOLATED)                                                                                                     -0.0237


1
LOGNAME = kumaw010
