****************************************
Report : timing
        -path_type full
        -delay_type max
        -max_paths 1
        -report_by design
Design : full_chip_KMeansClustering
Version: R-2020.09-SP6
Date   : Sun Dec 29 00:53:05 2024
****************************************
Information: Timer using 'CRPR'. (TIM-050)

  Startpoint: data_in1[9] (input port clocked by CLK)
  Endpoint: cluster_addr[0] (output port clocked by CLK)
  Mode: default
  Corner: default
  Scenario: default
  Path Group: comb
  Path Type: max

  Point                                            Incr      Path  
  ------------------------------------------------------------------------
  clock CLK (rise edge)                            0.00      0.00
  clock network delay (ideal)                      0.20      0.20
  input external delay                             0.02      0.22 f
  data_in1[9] (in)                                 0.00      0.22 f
  KMeansClustering_inst/U23501/ZN (INR2D1BWP20P90)
                                                   0.05      0.27 r
  KMeansClustering_inst/U23512/ZN (OAI21D1BWP16P90)
                                                   0.03      0.30 f
  KMeansClustering_inst/U12635/ZN (ND2D1BWP20P90)
                                                   0.01      0.31 r
  KMeansClustering_inst/U23514/ZN (ND2D2BWP16P90)
                                                   0.01      0.32 f
  KMeansClustering_inst/U23517/ZN (AOI21D2BWP16P90)
                                                   0.01      0.34 r
  KMeansClustering_inst/RBINV_2549/ZN (INVD1BWP16P90)
                                                   0.01      0.35 f
  KMeansClustering_inst/U23521/ZN (AOI21D2BWP16P90)
                                                   0.01      0.36 r
  KMeansClustering_inst/U23524/ZN (OAI21D4BWP16P90)
                                                   0.02      0.38 f
  KMeansClustering_inst/RBINV_2551/ZN (INVD1BWP16P90)
                                                   0.05      0.42 r
  KMeansClustering_inst/U23531/Z (MUX2D2BWP16P90)
                                                   0.05      0.47 r
  KMeansClustering_inst/RBINV_2553/ZN (INVD1BWP16P90)
                                                   0.02      0.49 f
  KMeansClustering_inst/U14212/ZN (NR2D2BWP16P90)
                                                   0.03      0.52 r
  KMeansClustering_inst/U11345/ZN (MOAI22D1BWP20P90)
                                                   0.03      0.54 r
  KMeansClustering_inst/U23615/ZN (MAOI222D1BWP16P90)
                                                   0.02      0.57 f
  KMeansClustering_inst/U23616/ZN (OAI21D2BWP16P90)
                                                   0.02      0.58 r
  KMeansClustering_inst/U20787/Z (XOR3D1BWP16P90)
                                                   0.04      0.63 f
  KMeansClustering_inst/U25127/Z (OR2D1BWP20P90)   0.02      0.65 f
  KMeansClustering_inst/U19528/ZN (AOI21D1BWP20P90)
                                                   0.01      0.66 r
  KMeansClustering_inst/U12367/ZN (OAI21D1BWP16P90)
                                                   0.02      0.68 f
  KMeansClustering_inst/U18857/ZN (ND2D1BWP20P90)
                                                   0.01      0.69 r
  KMeansClustering_inst/U18039/ZN (ND2D1BWP20P90)
                                                   0.01      0.70 f
  KMeansClustering_inst/U11251/ZN (OAI21D1BWP16P90)
                                                   0.02      0.72 r
  KMeansClustering_inst/U13042/ZN (AOI21D1BWP20P90)
                                                   0.02      0.74 f
  KMeansClustering_inst/U17462/ZN (OAI31D1BWP16P90)
                                                   0.03      0.77 r
  KMeansClustering_inst/U11220/ZN (XNR4D1BWP16P90)
                                                   0.06      0.83 r
  KMeansClustering_inst/U16797/S (FA1D2BWP16P90)   0.06      0.89 f
  KMeansClustering_inst/U15713/Z (OR2D1BWP20P90)   0.02      0.91 f
  KMeansClustering_inst/U15512/ZN (AOI21D1BWP20P90)
                                                   0.02      0.93 r
  KMeansClustering_inst/U15417/ZN (OAI21D1BWP20P90)
                                                   0.02      0.95 f
  KMeansClustering_inst/U11597/ZN (AOI21D1BWP20P90)
                                                   0.03      0.97 r
  KMeansClustering_inst/U11574/Z (XOR2D1BWP20P90)
                                                   0.04      1.01 f
  KMeansClustering_inst/U26404/Z (OR2D1BWP20P90)   0.02      1.03 f
  KMeansClustering_inst/U24409/ZN (AOI21D1BWP16P90)
                                                   0.01      1.05 r
  KMeansClustering_inst/U12779/ZN (OAI21D1BWP20P90)
                                                   0.02      1.07 f
  KMeansClustering_inst/U24411/ZN (AOI21D1BWP16P90)
                                                   0.02      1.09 r
  KMeansClustering_inst/U26584/ZN (OAI21D1BWP20P90)
                                                   0.02      1.10 f
  KMeansClustering_inst/U24414/ZN (AOI21D1BWP16P90)
                                                   0.02      1.12 r
  KMeansClustering_inst/U24416/ZN (OAI21D1BWP16P90)
                                                   0.01      1.13 f
  KMeansClustering_inst/U24418/ZN (AOI21D1BWP16P90)
                                                   0.02      1.15 r
  KMeansClustering_inst/U24421/ZN (OAI21D1BWP16P90)
                                                   0.01      1.16 f
  KMeansClustering_inst/U27574/ZN (IOAI21D2BWP16P90)
                                                   0.02      1.19 f
  KMeansClustering_inst/U11466/ZN (OAI21D2BWP16P90)
                                                   0.01      1.19 r
  KMeansClustering_inst/U11444/ZN (ND2D2BWP16P90)
                                                   0.01      1.20 f
  KMeansClustering_inst/U25427/CO (FA1D1BWP16P90)
                                                   0.03      1.23 f
  KMeansClustering_inst/U25438/CO (FA1D2BWP16P90)
                                                   0.03      1.26 f
  KMeansClustering_inst/U24452/CO (FA1D2BWP16P90)
                                                   0.02      1.28 f
  KMeansClustering_inst/U25439/CO (FA1D2BWP16P90)
                                                   0.02      1.31 f
  KMeansClustering_inst/U13420/CO (FA1D1BWP16P90)
                                                   0.03      1.33 f
  KMeansClustering_inst/U13419/S (FA1D1BWP16P90)   0.05      1.38 r
  KMeansClustering_inst/U27498/ZN (ND2D2BWP16P90LVT)
                                                   0.01      1.39 f
  KMeansClustering_inst/U11321/ZN (ND2D1BWP16P90LVT)
                                                   0.01      1.39 r
  KMeansClustering_inst/U11317/ZN (INR2D1BWP16P90LVT)
                                                   0.01      1.41 r
  KMeansClustering_inst/U27537/ZN (AOI31D4BWP16P90LVT)
                                                   0.02      1.43 f
  KMeansClustering_inst/U27536/ZN (CKNR2D4BWP16P90LVT)
                                                   0.01      1.44 r
  cluster_addr[0] (out)                            0.00      1.45 r
  data arrival time                                          1.45

  clock CLK (rise edge)                            1.25      1.25
  clock network delay (ideal)                      0.20      1.45
  clock reconvergence pessimism                    0.00      1.45
  clock uncertainty                               -0.05      1.40
  output external delay                           -0.06      1.34
  data required time                                         1.34
  ------------------------------------------------------------------------
  data required time                                         1.34
  data arrival time                                         -1.45
  ------------------------------------------------------------------------
  slack (VIOLATED)                                          -0.11


1
