****************************************
Report : power
        -significant_digits 2
Design : full_chip_KMeansClustering
Version: R-2020.09-SP6
Date   : Sun Dec 29 00:57:15 2024
****************************************
Information: Activity propagation will be performed for scenario default.
Information: Doing activity propagation for mode 'default' and corner 'default' with effort level 'medium'. (POW-024)
Information: Timer-derived activity data is cached on scenario default (POW-052)
Infomation: Fast mode activity propagation power.rtl_activity_annotation setup is ignored. Always use accurate mode.

 **** Information : No. of simulation cycles = 6 ****
Mode: default
Corner: default
Scenario: default
Voltage: 0.80
Temperature: 25.00

Voltage Unit         : 1V
Capacitance Unit     : 1pF
Time Unit            : 1ns
Temperature Unit     : 1C
Dynamic Power Unit   : 1nW
Leakage Power Unit   : 1nW

Switched supply net power scaling:
scaling for leakage power

Supply nets:
VDD (power) probability 1.00 (default)
VSS (ground) probability 1.00 (default)

  Cell Internal Power    = 4.36e+06 nW ( 49.2%)
  Net Switching Power    = 4.49e+06 nW ( 50.8%)
Total Dynamic Power      = 8.85e+06 nW (100.0%)

Cell Leakage Power       = 3.52e+04 nW


  Attributes
  ----------
      u  -  User defined power group

Power Group         Internal Power        Switching Power          Leakage Power            Total Power    (   %  )    Attrs
-----------------------------------------------------------------------------------------------------------------------------
io_pad                    0.00e+00               0.00e+00               0.00e+00               0.00e+00    (  0.0%)         
memory                    0.00e+00               0.00e+00               0.00e+00               0.00e+00    (  0.0%)         
black_box                 0.00e+00               0.00e+00               0.00e+00               0.00e+00    (  0.0%)         
clock_network             2.33e+05               0.00e+00               0.00e+00               2.33e+05    (  2.6%)         
register                  7.04e+04               4.39e+04               3.12e+02               1.15e+05    (  1.3%)         
sequential                0.00e+00               0.00e+00               0.00e+00               0.00e+00    (  0.0%)         
combinational             4.05e+06               4.45e+06               3.49e+04               8.53e+06    ( 96.1%)         
-----------------------------------------------------------------------------------------------------------------------------
Total                     4.36e+06 nW            4.49e+06 nW            3.52e+04 nW            8.88e+06 nW
1
