****************************************
Report : timing
        -path_type full
        -delay_type max
        -max_paths 1
        -report_by design
Design : full_chip_KMeansClustering
Version: R-2020.09-SP6
Date   : Sun Jan  5 21:47:02 2025
****************************************
Information: Timer using 'CRPR'. (TIM-050)

  Startpoint: centroid2_4[1] (input port clocked by CLK)
  Endpoint: cluster_addr[0] (output port clocked by CLK)
  Mode: default
  Corner: default
  Scenario: default
  Path Group: comb
  Path Type: max

  Point                                            Incr      Path  
  ------------------------------------------------------------------------
  clock CLK (rise edge)                            0.00      0.00
  clock network delay (ideal)                      0.20      0.20
  input external delay                             0.02      0.22 f
  centroid2_4[1] (in)                              0.00      0.22 f
  KMeansClustering_inst/ZINV_68_inst_3766/ZN (CKND2BWP20P90LVT)
                                                   0.03      0.25 r
  KMeansClustering_inst/U23235/ZN (ND2D1BWP20P90)
                                                   0.02      0.27 f
  KMeansClustering_inst/U23222/ZN (OAI21D1BWP16P90)
                                                   0.02      0.28 r
  KMeansClustering_inst/U25133/ZN (AOI21D1BWP16P90LVT)
                                                   0.01      0.30 f
  KMeansClustering_inst/RBINV_2853/ZN (INVD1BWP16P90)
                                                   0.01      0.31 r
  KMeansClustering_inst/U22934/ZN (AOI21D1BWP16P90)
                                                   0.02      0.33 f
  KMeansClustering_inst/U25145/ZN (OAI21D1BWP16P90)
                                                   0.02      0.34 r
  KMeansClustering_inst/U12587/ZN (XNR2D1BWP16P90)
                                                   0.03      0.37 f
  KMeansClustering_inst/RBINV_503/ZN (INVD1BWP16P90)
                                                   0.01      0.38 r
  KMeansClustering_inst/U22655/ZN (ND2D1BWP20P90)
                                                   0.01      0.39 f
  KMeansClustering_inst/U14266/ZN (NR2D1BWP20P90)
                                                   0.01      0.40 r
  KMeansClustering_inst/U14227/Z (AN2D1BWP16P90)   0.02      0.42 r
  KMeansClustering_inst/U22507/CO (HA1D1BWP16P90)
                                                   0.02      0.44 r
  KMeansClustering_inst/U13266/CO (HA1D1BWP16P90)
                                                   0.02      0.46 r
  KMeansClustering_inst/U11454/CO (HA1D1BWP16P90LVT)
                                                   0.02      0.47 r
  KMeansClustering_inst/U21878/CO (HA1D1BWP16P90)
                                                   0.02      0.49 r
  KMeansClustering_inst/U12509/S (HA1D2BWP16P90)   0.02      0.51 r
  KMeansClustering_inst/U25149/ZN (MUX2ND2BWP16P90LVT)
                                                   0.02      0.53 f
  KMeansClustering_inst/U11324/ZN (NR2D1BWP16P90LVT)
                                                   0.02      0.56 r
  KMeansClustering_inst/RBINV_183/ZN (INVD1BWP16P90)
                                                   0.03      0.58 f
  KMeansClustering_inst/U13975/ZN (INR2D1BWP16P90LVT)
                                                   0.02      0.60 r
  KMeansClustering_inst/U19301/ZN (NR2D1BWP20P90)
                                                   0.02      0.61 f
  KMeansClustering_inst/U18480/ZN (ND2D1BWP16P90)
                                                   0.01      0.62 r
  KMeansClustering_inst/U13069/ZN (ND2D1BWP16P90LVT)
                                                   0.01      0.64 f
  KMeansClustering_inst/RBINV_585/ZN (INVD1BWP16P90)
                                                   0.01      0.64 r
  KMeansClustering_inst/U17627/ZN (MAOI222D1BWP16P90)
                                                   0.01      0.66 f
  KMeansClustering_inst/U12304/ZN (ND2D1BWP16P90)
                                                   0.01      0.67 r
  KMeansClustering_inst/U13785/ZN (ND2D1BWP16P90)
                                                   0.02      0.69 f
  KMeansClustering_inst/U13757/ZN (MAOI222D1BWP16P90)
                                                   0.02      0.71 r
  KMeansClustering_inst/U11404/ZN (OAI21D1BWP16P90)
                                                   0.02      0.73 f
  KMeansClustering_inst/RBINV_220/ZN (INVD1BWP16P90)
                                                   0.01      0.74 r
  KMeansClustering_inst/U25178/ZN (MAOI222D1BWP16P90)
                                                   0.02      0.76 f
  KMeansClustering_inst/U25179/ZN (IND2D1BWP16P90)
                                                   0.01      0.77 r
  KMeansClustering_inst/RBINV_2864/ZN (INVD1BWP16P90)
                                                   0.01      0.78 f
  KMeansClustering_inst/U15906/ZN (NR2D1BWP16P90)
                                                   0.01      0.79 r
  KMeansClustering_inst/RBINV_1028/ZN (INVD1BWP16P90)
                                                   0.01      0.80 f
  KMeansClustering_inst/U25182/ZN (ND2D1BWP16P90)
                                                   0.01      0.81 r
  KMeansClustering_inst/RBINV_2865/ZN (INVD1BWP16P90)
                                                   0.01      0.82 f
  KMeansClustering_inst/U25184/ZN (OAI211D1BWP16P90)
                                                   0.01      0.83 r
  KMeansClustering_inst/U12162/ZN (ND2D1BWP16P90)
                                                   0.02      0.85 f
  KMeansClustering_inst/U25192/ZN (OAI21D1BWP16P90)
                                                   0.02      0.87 r
  KMeansClustering_inst/U25194/ZN (ND2D1BWP16P90)
                                                   0.02      0.89 f
  KMeansClustering_inst/RBINV_2868/ZN (INVD1BWP16P90)
                                                   0.01      0.90 r
  KMeansClustering_inst/U25196/ZN (OAI211D1BWP16P90)
                                                   0.02      0.92 f
  KMeansClustering_inst/RBINV_2869/ZN (INVD1BWP16P90)
                                                   0.01      0.92 r
  KMeansClustering_inst/U25198/ZN (AOI21D1BWP16P90)
                                                   0.01      0.93 f
  KMeansClustering_inst/U25199/Z (XOR2D1BWP16P90)
                                                   0.03      0.96 f
  KMeansClustering_inst/U12039/Z (XOR2D1BWP16P90)
                                                   0.03      0.99 r
  KMeansClustering_inst/U11526/Z (XOR2D1BWP16P90)
                                                   0.03      1.02 f
  KMeansClustering_inst/U11518/ZN (NR2D1BWP20P90)
                                                   0.01      1.03 r
  KMeansClustering_inst/U25303/ZN (ND2D1BWP16P90)
                                                   0.01      1.05 f
  KMeansClustering_inst/U25304/ZN (NR2D1BWP16P90)
                                                   0.01      1.06 r
  KMeansClustering_inst/U25305/ZN (AOI21D1BWP16P90)
                                                   0.02      1.08 f
  KMeansClustering_inst/RBINV_2888/ZN (INVD1BWP16P90)
                                                   0.01      1.09 r
  KMeansClustering_inst/U25966/ZN (IND2D1BWP16P90)
                                                   0.01      1.10 f
  KMeansClustering_inst/RBINV_3554/ZN (INVD1BWP16P90)
                                                   0.01      1.10 r
  KMeansClustering_inst/U11477/ZN (OAI21D1BWP16P90LVT)
                                                   0.01      1.11 f
  KMeansClustering_inst/U25423/CO (FA1D1BWP16P90LVT)
                                                   0.02      1.14 f
  KMeansClustering_inst/U25421/CO (FA1D1BWP16P90LVT)
                                                   0.02      1.16 f
  KMeansClustering_inst/U12740/CO (FA1D1BWP16P90)
                                                   0.03      1.19 f
  KMeansClustering_inst/U13422/S (FA1D1BWP16P90LVT)
                                                   0.04      1.23 r
  KMeansClustering_inst/U12737/Z (OR2D1BWP16P90)   0.02      1.25 r
  KMeansClustering_inst/U26321/Z (AO21D1BWP16P90LVT)
                                                   0.01      1.26 r
  KMeansClustering_inst/U27504/ZN (XNR2D4BWP16P90LVT)
                                                   0.02      1.28 f
  KMeansClustering_inst/RBINV_3585/ZN (INVD1BWP16P90)
                                                   0.01      1.29 r
  KMeansClustering_inst/U27558/Z (AN2D1BWP16P90LVT)
                                                   0.01      1.30 r
  KMeansClustering_inst/U11310/ZN (CKNR2D2BWP16P90LVT)
                                                   0.01      1.31 f
  KMeansClustering_inst/U27537/ZN (AOI31D4BWP16P90LVT)
                                                   0.01      1.32 r
  KMeansClustering_inst/U27536/ZN (CKNR2D4BWP16P90LVT)
                                                   0.01      1.33 f
  PI_2_3610/Z (BUFFD4BWP16P90LVT)                  0.01      1.34 f
  cluster_addr[0] (out)                            0.00      1.34 f
  data arrival time                                          1.34

  clock CLK (rise edge)                            1.25      1.25
  clock network delay (ideal)                      0.20      1.45
  clock reconvergence pessimism                    0.00      1.45
  clock uncertainty                               -0.05      1.40
  output external delay                           -0.06      1.34
  data required time                                         1.34
  ------------------------------------------------------------------------
  data required time                                         1.34
  data arrival time                                         -1.34
  ------------------------------------------------------------------------
  slack (MET)                                                0.00


1
