****************************************
Report : timing
        -path_type full
        -delay_type max
        -max_paths 1
        -report_by design
        -input_pins
        -nets
        -transition_time
        -capacitance
Design : full_chip_KMeansClustering
Version: R-2020.09-SP6
Date   : Mon Jan  6 14:26:25 2025
****************************************
Information: Timer using 'CRPR'. (TIM-050)

  Startpoint: centroid3_3[3] (input port clocked by CLK)
  Endpoint: cluster_addr[0] (output port clocked by CLK)
  Mode: default
  Corner: default
  Scenario: default
  Path Group: comb
  Path Type: max

  Point                                          Fanout    Cap      Trans      Incr      Path  
  ----------------------------------------------------------------------------------------------------
  clock CLK (rise edge)                                                        0.00      0.00
  clock network delay (propagated)                                             0.10      0.10
  input external delay                                                         0.02      0.12 r
  centroid3_3[3] (in)                                                0.20      0.00      0.12 r
  centroid3_3[3] (net)                              1      0.00
  RBINV_130/I (INVD1BWP16P90)                                        0.20      0.00      0.12 r
  RBINV_130/ZN (INVD1BWP16P90)                                       0.04      0.04      0.15 f
  net_aps_130 (net)                                 2      0.00
  KMeansClustering_inst/U14438/A1 (NR2D1BWP20P90)                    0.04      0.00      0.16 f
  KMeansClustering_inst/U14438/ZN (NR2D1BWP20P90)                    0.05      0.02      0.18 r
  KMeansClustering_inst/n15197 (net)                3      0.00
  KMeansClustering_inst/U23941/A1 (OAI21D1BWP16P90)                  0.05      0.00      0.18 r
  KMeansClustering_inst/U23941/ZN (OAI21D1BWP16P90)                  0.02      0.02      0.20 f
  KMeansClustering_inst/n15127 (net)                1      0.00
  KMeansClustering_inst/U11912/B (AOI21D1BWP16P90)                   0.02      0.00      0.20 f
  KMeansClustering_inst/U11912/ZN (AOI21D1BWP16P90)                  0.02      0.02      0.22 r
  KMeansClustering_inst/n15185 (net)                3      0.00
  KMeansClustering_inst/U13346/A1 (OAI21D1BWP16P90)                  0.02      0.00      0.22 r
  KMeansClustering_inst/U13346/ZN (OAI21D1BWP16P90)                  0.02      0.02      0.23 f
  KMeansClustering_inst/n15152 (net)                2      0.00
  KMeansClustering_inst/U13724/A1 (AOI21D1BWP16P90LVT)               0.02      0.00      0.23 f
  KMeansClustering_inst/U13724/ZN (AOI21D1BWP16P90LVT)               0.02      0.01      0.25 r
  KMeansClustering_inst/n15151 (net)                2      0.00
  KMeansClustering_inst/U13653/A1 (OAI21D1BWP16P90)                  0.02      0.00      0.25 r
  KMeansClustering_inst/U13653/ZN (OAI21D1BWP16P90)                  0.02      0.02      0.26 f
  KMeansClustering_inst/n15226 (net)                1      0.00
  KMeansClustering_inst/U23952/CI (FA1D1BWP16P90)                    0.02      0.00      0.26 f
  KMeansClustering_inst/U23952/CO (FA1D1BWP16P90)                    0.02      0.03      0.29 f
  KMeansClustering_inst/n15229 (net)                1      0.00
  KMeansClustering_inst/U23953/A1 (XOR2D2BWP16P90LVT)                0.02      0.00      0.29 f
  KMeansClustering_inst/U23953/Z (XOR2D2BWP16P90LVT)                 0.03      0.03      0.32 f
  KMeansClustering_inst/n23252 (net)               11      0.01
  KMeansClustering_inst/clock_optctmTdsLR_1_14306/A1 (OAI21D2BWP16P90)
                                                                     0.03      0.00      0.32 f
  KMeansClustering_inst/clock_optctmTdsLR_1_14306/ZN (OAI21D2BWP16P90)
                                                                     0.07      0.05      0.37 r
  KMeansClustering_inst/n17349 (net)               15      0.02
  KMeansClustering_inst/RBINV_201/I (INVD1BWP16P90)                  0.07      0.00      0.37 r
  KMeansClustering_inst/RBINV_201/ZN (INVD1BWP16P90)                 0.04      0.04      0.41 f
  KMeansClustering_inst/net_aps_201 (net)           6      0.01
  KMeansClustering_inst/U14214/A2 (OAI21D1BWP16P90)                  0.04      0.00      0.41 f
  KMeansClustering_inst/U14214/ZN (OAI21D1BWP16P90)                  0.02      0.02      0.43 r
  KMeansClustering_inst/n15825 (net)                1      0.00
  KMeansClustering_inst/clock_optctmTdsLR_1_10828/B (IOA21D1BWP16P90)
                                                                     0.02      0.00      0.43 r
  KMeansClustering_inst/clock_optctmTdsLR_1_10828/ZN (IOA21D1BWP16P90)
                                                                     0.02      0.02      0.45 f
  KMeansClustering_inst/n15947 (net)                2      0.00
  KMeansClustering_inst/U24068/A (MAOI222D1BWP16P90)                 0.02      0.00      0.45 f
  KMeansClustering_inst/U24068/ZN (MAOI222D1BWP16P90)                0.02      0.02      0.47 r
  KMeansClustering_inst/n15944 (net)                2      0.00
  KMeansClustering_inst/U14107/A2 (XNR3D1BWP16P90)                   0.02      0.00      0.47 r
  KMeansClustering_inst/U14107/ZN (XNR3D1BWP16P90)                   0.01      0.05      0.51 f
  KMeansClustering_inst/n15950 (net)                2      0.00
  KMeansClustering_inst/U14098/A1 (CKOR2D1BWP16P90)                  0.01      0.00      0.51 f
  KMeansClustering_inst/U14098/Z (CKOR2D1BWP16P90)                   0.01      0.02      0.53 f
  KMeansClustering_inst/n12614 (net)                2      0.00
  KMeansClustering_inst/clock_optctmTdsLR_1_11152/A1 (IOA21D1BWP16P90)
                                                                     0.01      0.00      0.53 f
  KMeansClustering_inst/clock_optctmTdsLR_1_11152/ZN (IOA21D1BWP16P90)
                                                                     0.01      0.02      0.55 f
  KMeansClustering_inst/n17338 (net)                2      0.00
  KMeansClustering_inst/U11183/A1 (AOI21D1BWP16P90)                  0.01      0.00      0.55 f
  KMeansClustering_inst/U11183/ZN (AOI21D1BWP16P90)                  0.02      0.01      0.56 r
  KMeansClustering_inst/n17331 (net)                2      0.00
  KMeansClustering_inst/U12987/A2 (OAI21D1BWP16P90)                  0.02      0.00      0.56 r
  KMeansClustering_inst/U12987/ZN (OAI21D1BWP16P90)                  0.02      0.02      0.58 f
  KMeansClustering_inst/n16099 (net)                3      0.00
  KMeansClustering_inst/clock_optctmTdsLR_3_14728/A1 (ND2D1BWP16P90)
                                                                     0.02      0.00      0.58 f
  KMeansClustering_inst/clock_optctmTdsLR_3_14728/ZN (ND2D1BWP16P90)
                                                                     0.01      0.01      0.59 r
  KMeansClustering_inst/tmp_net5200 (net)           1      0.00
  KMeansClustering_inst/clock_optctmTdsLR_1_14726/C (OAI211D1BWP16P90)
                                                                     0.01      0.00      0.59 r
  KMeansClustering_inst/clock_optctmTdsLR_1_14726/ZN (OAI211D1BWP16P90)
                                                                     0.02      0.01      0.61 f
  KMeansClustering_inst/n29108 (net)                1      0.00
  KMeansClustering_inst/clock_optctmTdsLR_1_11629/B (IOA21D1BWP16P90)
                                                                     0.02      0.00      0.61 f
  KMeansClustering_inst/clock_optctmTdsLR_1_11629/ZN (IOA21D1BWP16P90)
                                                                     0.01      0.01      0.62 r
  KMeansClustering_inst/n16096 (net)                2      0.00
  KMeansClustering_inst/clock_optctmTdsLR_1_11697/A (MAOI222D1BWP16P90)
                                                                     0.01      0.00      0.62 r
  KMeansClustering_inst/clock_optctmTdsLR_1_11697/ZN (MAOI222D1BWP16P90)
                                                                     0.02      0.02      0.64 f
  KMeansClustering_inst/n16092 (net)                2      0.00
  KMeansClustering_inst/RBINV_3309/I (INVD1BWP16P90)                 0.02      0.00      0.64 f
  KMeansClustering_inst/RBINV_3309/ZN (INVD1BWP16P90)                0.01      0.01      0.65 r
  KMeansClustering_inst/net_aps_3309 (net)          1      0.00
  KMeansClustering_inst/U24102/B2 (AOI22D1BWP16P90)                  0.01      0.00      0.65 r
  KMeansClustering_inst/U24102/ZN (AOI22D1BWP16P90)                  0.02      0.02      0.66 f
  KMeansClustering_inst/n16085 (net)                2      0.00
  KMeansClustering_inst/clock_optctmTdsLR_1_14924/A1 (IOA21D1BWP16P90)
                                                                     0.02      0.00      0.66 f
  KMeansClustering_inst/clock_optctmTdsLR_1_14924/ZN (IOA21D1BWP16P90)
                                                                     0.01      0.02      0.68 f
  KMeansClustering_inst/n16080 (net)                2      0.00
  KMeansClustering_inst/U11230/A1 (AOI21D1BWP16P90)                  0.01      0.00      0.68 f
  KMeansClustering_inst/U11230/ZN (AOI21D1BWP16P90)                  0.02      0.02      0.70 r
  KMeansClustering_inst/n16074 (net)                2      0.00
  KMeansClustering_inst/U16408/A1 (OAI21D1BWP16P90)                  0.02      0.00      0.70 r
  KMeansClustering_inst/U16408/ZN (OAI21D1BWP16P90)                  0.02      0.02      0.72 f
  KMeansClustering_inst/n16132 (net)                2      0.00
  KMeansClustering_inst/U24106/C (MAOI222D1BWP16P90)                 0.02      0.00      0.72 f
  KMeansClustering_inst/U24106/ZN (MAOI222D1BWP16P90)                0.02      0.02      0.73 r
  KMeansClustering_inst/n16124 (net)                2      0.00
  KMeansClustering_inst/U24107/C (MAOI222D1BWP16P90)                 0.02      0.00      0.73 r
  KMeansClustering_inst/U24107/ZN (MAOI222D1BWP16P90)                0.03      0.02      0.76 f
  KMeansClustering_inst/n16147 (net)                2      0.00
  KMeansClustering_inst/clock_optctmTdsLR_2_15109/B (AOI21D1BWP16P90)
                                                                     0.03      0.00      0.76 f
  KMeansClustering_inst/clock_optctmTdsLR_2_15109/ZN (AOI21D1BWP16P90)
                                                                     0.01      0.01      0.77 r
  KMeansClustering_inst/tmp_net5406 (net)           1      0.00
  KMeansClustering_inst/clock_optctmTdsLR_1_15108/I (INVD1BWP16P90)
                                                                     0.01      0.00      0.77 r
  KMeansClustering_inst/clock_optctmTdsLR_1_15108/ZN (INVD1BWP16P90)
                                                                     0.01      0.01      0.78 f
  KMeansClustering_inst/n16066 (net)                2      0.00
  KMeansClustering_inst/U11620/A1 (MAOI22D1BWP16P90)                 0.01      0.00      0.78 f
  KMeansClustering_inst/U11620/ZN (MAOI22D1BWP16P90)                 0.02      0.01      0.80 r
  KMeansClustering_inst/n16054 (net)                2      0.00
  KMeansClustering_inst/U24119/A3 (XNR3D1BWP16P90)                   0.02      0.00      0.80 r
  KMeansClustering_inst/U24119/ZN (XNR3D1BWP16P90)                   0.02      0.04      0.83 f
  KMeansClustering_inst/n17413 (net)                2      0.00
  KMeansClustering_inst/U13578/A1 (XOR2D1BWP16P90)                   0.02      0.00      0.83 f
  KMeansClustering_inst/U13578/Z (XOR2D1BWP16P90)                    0.01      0.02      0.85 r
  KMeansClustering_inst/n16155 (net)                1      0.00
  KMeansClustering_inst/U15191/A (MAOI222D1BWP16P90LVT)              0.01      0.00      0.85 r
  KMeansClustering_inst/U15191/ZN (MAOI222D1BWP16P90LVT)             0.02      0.02      0.87 f
  KMeansClustering_inst/n17274 (net)                2      0.00
  KMeansClustering_inst/U27384/A1 (IOA21D1BWP16P90)                  0.02      0.00      0.87 f
  KMeansClustering_inst/U27384/ZN (IOA21D1BWP16P90)                  0.02      0.02      0.89 f
  KMeansClustering_inst/n17428 (net)                3      0.00
  KMeansClustering_inst/U13500/A1 (AOI21D1BWP16P90)                  0.02      0.00      0.89 f
  KMeansClustering_inst/U13500/ZN (AOI21D1BWP16P90)                  0.02      0.02      0.91 r
  KMeansClustering_inst/n17441 (net)                2      0.00
  KMeansClustering_inst/U11189/A1 (OAI21D1BWP16P90)                  0.02      0.00      0.91 r
  KMeansClustering_inst/U11189/ZN (OAI21D1BWP16P90)                  0.02      0.02      0.92 f
  KMeansClustering_inst/n17445 (net)                1      0.00
  KMeansClustering_inst/U24388/CI (FA1D1BWP16P90)                    0.02      0.00      0.92 f
  KMeansClustering_inst/U24388/S (FA1D1BWP16P90)                     0.02      0.05      0.97 r
  KMeansClustering_inst/n17451 (net)                2      0.00
  KMeansClustering_inst/U24390/A1 (NR2D1BWP16P90)                    0.02      0.00      0.97 r
  KMeansClustering_inst/U24390/ZN (NR2D1BWP16P90)                    0.01      0.01      0.99 f
  KMeansClustering_inst/n17676 (net)                2      0.00
  KMeansClustering_inst/clock_optctmTdsLR_1_13752/A1 (IND2D1BWP16P90)
                                                                     0.01      0.00      0.99 f
  KMeansClustering_inst/clock_optctmTdsLR_1_13752/ZN (IND2D1BWP16P90)
                                                                     0.01      0.02      1.00 f
  KMeansClustering_inst/n17680 (net)                1      0.00
  KMeansClustering_inst/U14601/A1 (XNR2D1BWP16P90)                   0.01      0.00      1.00 f
  KMeansClustering_inst/U14601/ZN (XNR2D1BWP16P90)                   0.02      0.02      1.02 f
  KMeansClustering_inst/n17685 (net)                2      0.00
  KMeansClustering_inst/U24420/A2 (NR2D1BWP16P90)                    0.02      0.00      1.03 f
  KMeansClustering_inst/U24420/ZN (NR2D1BWP16P90)                    0.02      0.02      1.04 r
  KMeansClustering_inst/n23284 (net)                2      0.00
  KMeansClustering_inst/U24421/A1 (OAI21D1BWP16P90)                  0.02      0.00      1.04 r
  KMeansClustering_inst/U24421/ZN (OAI21D1BWP16P90)                  0.02      0.01      1.05 f
  KMeansClustering_inst/n23277 (net)                2      0.00
  KMeansClustering_inst/U27574/A2 (IOAI21D1BWP16P90LVT)              0.02      0.00      1.06 f
  KMeansClustering_inst/U27574/ZN (IOAI21D1BWP16P90LVT)              0.01      0.02      1.07 f
  KMeansClustering_inst/n29105 (net)                2      0.00
  KMeansClustering_inst/U11466/B (OAI21D1BWP16P90)                   0.01      0.00      1.07 f
  KMeansClustering_inst/U11466/ZN (OAI21D1BWP16P90)                  0.01      0.01      1.08 r
  KMeansClustering_inst/n29104 (net)                1      0.00
  KMeansClustering_inst/U11444/A1 (ND2D1BWP16P90LVT)                 0.01      0.00      1.08 r
  KMeansClustering_inst/U11444/ZN (ND2D1BWP16P90LVT)                 0.01      0.01      1.09 f
  KMeansClustering_inst/n23267 (net)                1      0.00
  KMeansClustering_inst/U25427/CI (FA1D1BWP16P90LVT)                 0.01      0.00      1.09 f
  KMeansClustering_inst/U25427/CO (FA1D1BWP16P90LVT)                 0.01      0.02      1.11 f
  KMeansClustering_inst/n23476 (net)                1      0.00
  KMeansClustering_inst/U25438/CI (FA1D1BWP16P90)                    0.01      0.00      1.11 f
  KMeansClustering_inst/U25438/CO (FA1D1BWP16P90)                    0.01      0.03      1.14 f
  KMeansClustering_inst/n17802 (net)                1      0.00
  KMeansClustering_inst/U24452/CI (FA1D1BWP16P90)                    0.01      0.00      1.14 f
  KMeansClustering_inst/U24452/CO (FA1D1BWP16P90)                    0.01      0.03      1.17 f
  KMeansClustering_inst/n23482 (net)                1      0.00
  KMeansClustering_inst/U25439/CI (FA1D1BWP16P90)                    0.01      0.00      1.17 f
  KMeansClustering_inst/U25439/CO (FA1D1BWP16P90)                    0.01      0.03      1.20 f
  KMeansClustering_inst/n23258 (net)                1      0.00
  KMeansClustering_inst/U13420/CI (FA1D1BWP16P90LVT)                 0.01      0.00      1.20 f
  KMeansClustering_inst/U13420/CO (FA1D1BWP16P90LVT)                 0.01      0.02      1.22 f
  KMeansClustering_inst/n23498 (net)                1      0.00
  KMeansClustering_inst/U13419/CI (FA1D1BWP16P90LVT)                 0.01      0.00      1.22 f
  KMeansClustering_inst/U13419/S (FA1D1BWP16P90LVT)                  0.02      0.04      1.26 r
  KMeansClustering_inst/gt_x_27_B[30] (net)         3      0.00
  KMeansClustering_inst/clock_optctmTdsLR_2_15533/A1 (NR2D1BWP16P90)
                                                                     0.02      0.00      1.26 r
  KMeansClustering_inst/clock_optctmTdsLR_2_15533/ZN (NR2D1BWP16P90)
                                                                     0.01      0.01      1.27 f
  KMeansClustering_inst/tmp_net5627 (net)           1      0.00
  KMeansClustering_inst/clock_optctmTdsLR_1_15532/B (AOI31D1BWP16P90)
                                                                     0.01      0.00      1.27 f
  KMeansClustering_inst/clock_optctmTdsLR_1_15532/ZN (AOI31D1BWP16P90)
                                                                     0.03      0.02      1.29 r
  KMeansClustering_inst/n29077 (net)                1      0.00
  KMeansClustering_inst/U27537/A3 (AOI31D4BWP16P90LVT)               0.03      0.00      1.29 r
  KMeansClustering_inst/U27537/ZN (AOI31D4BWP16P90LVT)               0.02      0.02      1.31 f
  KMeansClustering_inst/cluster_addr[1] (net)       2      0.01
  KMeansClustering_inst/U27536/A2 (NR2D2BWP16P90LVT)                 0.02      0.00      1.31 f
  KMeansClustering_inst/U27536/ZN (NR2D2BWP16P90LVT)                 0.01      0.01      1.31 r
  KMeansClustering_inst/cluster_addr[0] (net)       1      0.00
  PI_2_3610/I (BUFFD4BWP16P90LVT)                                    0.01      0.00      1.31 r
  PI_2_3610/Z (BUFFD4BWP16P90LVT)                                    0.01      0.01      1.33 r
  cluster_addr[0] (net)                             1      0.01
  cluster_addr[0] (out)                                              0.01      0.00      1.33 r
  data arrival time                                                                      1.33

  clock CLK (rise edge)                                                        1.25      1.25
  clock network delay (propagated)                                             0.11      1.36
  clock reconvergence pessimism                                                0.00      1.36
  output external delay                                                       -0.06      1.30
  data required time                                                                     1.30
  ----------------------------------------------------------------------------------------------------
  data required time                                                                     1.30
  data arrival time                                                                     -1.33
  ----------------------------------------------------------------------------------------------------
  slack (VIOLATED)                                                                      -0.02


1
